Arguments: 
  C:\Program Files\nodejs\node.exe C:\Users\abura\AppData\Roaming\npm\node_modules\yarn\bin\yarn.js add tailwind-merge

PATH: 
  C:\Users\abura\bin;C:\Program Files\Git\mingw64\bin;C:\Program Files\Git\usr\local\bin;C:\Program Files\Git\usr\bin;C:\Program Files\Git\usr\bin;C:\Program Files\Git\mingw64\bin;C:\Program Files\Git\usr\bin;C:\Users\abura\bin;C:\Windows\system32;C:\Windows;C:\Windows\System32\Wbem;C:\Windows\System32\WindowsPowerShell\v1.0;C:\Windows\System32\OpenSSH;C:\Program Files\nodejs;C:\Program Files\Docker\Docker\resources\bin;C:\Program Files\Git\cmd;C:\Users\abura\AppData\Local\Microsoft\WindowsApps;C:\Users\abura\AppData\Roaming\npm;C:\Users\abura\AppData\Local\Programs\Microsoft VS Code\bin;C:\Program Files\Git\usr\bin\vendor_perl;C:\Program Files\Git\usr\bin\core_perl

Yarn version: 
  1.22.19

Node version: 
  18.16.0

Platform: 
  win32 x64

Trace: 
  Error: ENOENT: no such file or directory, copyfile 'C:\Users\abura\AppData\Local\Yarn\Cache\v6\npm-glob-parent-6.0.2-6d237d99083950c79290f24c7642a3de9a28f9e3-integrity\node_modules\glob-parent\index.js' -> 'E:\open-source\epic-gallery\node_modules\tailwindcss\node_modules\glob-parent\index.js'

npm manifest: 
  {
    "name": "epic-gallery",
    "version": "1.0.0",
    "description": "",
    "main": "dist/index.js",
    "module": "dist/index.mjs",
    "types": "dist/index.d.ts",
    "scripts": {
      "dev": "vite",
      "build": "tsup"
    },
    "keywords": [],
    "author": "Abu Raihan",
    "license": "ISC",
    "dependencies": {
      "@types/react": "^18.2.20",
      "@types/react-dom": "^18.2.7",
      "lucide-react": "^0.268.0",
      "react": "^18.2.0",
      "react-dom": "^18.2.0",
      "swiper": "^10.1.0",
      "tsup": "^7.2.0",
      "typescript": "^5.1.6"
    },
    "devDependencies": {
      "@vitejs/plugin-react": "^4.0.4",
      "autoprefixer": "^10.4.15",
      "postcss": "^8.4.27",
      "tailwindcss": "^3.3.3",
      "vite": "^4.4.9"
    }
  }

yarn manifest: 
  No manifest

Lockfile: 
  No lockfile
